2017-04-09 19:11:22,856 [Worker-23] INFO  o.e.m.c.i.l.LifecycleMappingFactory - Using org.eclipse.m2e.jdt.JarLifecycleMapping lifecycle mapping for MavenProject: sfc.aplicacion:PruebaHibernate:0.0.1-SNAPSHOT @ D:\Carrefour\Proyectos\PruebaHibernate\pom.xml.
2017-04-09 19:11:24,011 [Worker-23] INFO  o.e.m.j.i.AbstractJavaProjectConfigurator - Adding source folder /PruebaHibernate/src/main/java
2017-04-09 19:11:24,013 [Worker-23] INFO  o.e.m.j.i.AbstractJavaProjectConfigurator - Adding resource folder /PruebaHibernate/src/main/resources
2017-04-09 19:11:24,014 [Worker-23] INFO  o.e.m.j.i.AbstractJavaProjectConfigurator - Adding source folder /PruebaHibernate/src/test/java
2017-04-09 19:11:24,014 [Worker-23] INFO  o.e.m.j.i.AbstractJavaProjectConfigurator - Adding resource folder /PruebaHibernate/src/test/resources
2017-04-09 19:11:24,672 [Worker-31] WARN  o.e.m.c.i.embedder.EclipseLogger - Using platform encoding (Cp1252 actually) to copy filtered resources, i.e. build is platform dependent!
2017-04-09 19:11:24,712 [Worker-31] INFO  o.e.m.c.i.embedder.EclipseLogger - Copying 0 resource
2017-04-09 19:11:24,714 [Worker-31] WARN  o.e.m.c.i.embedder.EclipseLogger - Using platform encoding (Cp1252 actually) to copy filtered resources, i.e. build is platform dependent!
2017-04-09 19:11:24,715 [Worker-31] INFO  o.e.m.c.i.embedder.EclipseLogger - Copying 0 resource
2017-04-09 19:12:17,949 [Worker-33] INFO  o.e.m.c.i.l.LifecycleMappingFactory - Using org.eclipse.m2e.jdt.JarLifecycleMapping lifecycle mapping for MavenProject: sfc.aplicacion:PruebaHibernate:0.0.1-SNAPSHOT @ D:\Carrefour\Proyectos\PruebaHibernate\pom.xml.
2017-04-09 19:12:19,635 [Worker-33] INFO  o.e.m.c.i.e.AbstractTransferListenerAdapter - Downloading https://repo.maven.apache.org/maven2/org/hibernate/hibernate-core/5.2.9.Final/hibernate-core-5.2.9.Final.pom
2017-04-09 19:12:19,972 [Worker-33] INFO  o.e.m.c.i.e.AbstractTransferListenerAdapter - Downloaded https://repo.maven.apache.org/maven2/org/hibernate/hibernate-core/5.2.9.Final/hibernate-core-5.2.9.Final.pom
2017-04-09 19:12:20,289 [Worker-33] INFO  o.e.m.c.i.e.AbstractTransferListenerAdapter - Downloading https://repo.maven.apache.org/maven2/org/jboss/logging/jboss-logging/3.3.0.Final/jboss-logging-3.3.0.Final.pom
2017-04-09 19:12:20,692 [Worker-33] INFO  o.e.m.c.i.e.AbstractTransferListenerAdapter - Downloaded https://repo.maven.apache.org/maven2/org/jboss/logging/jboss-logging/3.3.0.Final/jboss-logging-3.3.0.Final.pom
2017-04-09 19:12:21,000 [Worker-33] INFO  o.e.m.c.i.e.AbstractTransferListenerAdapter - Downloading https://repo.maven.apache.org/maven2/org/jboss/jboss-parent/15/jboss-parent-15.pom
2017-04-09 19:12:21,702 [Worker-33] INFO  o.e.m.c.i.e.AbstractTransferListenerAdapter - Downloaded https://repo.maven.apache.org/maven2/org/jboss/jboss-parent/15/jboss-parent-15.pom
2017-04-09 19:12:21,940 [Worker-33] INFO  o.e.m.c.i.e.AbstractTransferListenerAdapter - Downloading https://repo.maven.apache.org/maven2/org/hibernate/javax/persistence/hibernate-jpa-2.1-api/1.0.0.Final/hibernate-jpa-2.1-api-1.0.0.Final.pom
2017-04-09 19:12:22,150 [Worker-33] INFO  o.e.m.c.i.e.AbstractTransferListenerAdapter - Downloaded https://repo.maven.apache.org/maven2/org/hibernate/javax/persistence/hibernate-jpa-2.1-api/1.0.0.Final/hibernate-jpa-2.1-api-1.0.0.Final.pom
2017-04-09 19:12:22,475 [Worker-33] INFO  o.e.m.c.i.e.AbstractTransferListenerAdapter - Downloading https://repo.maven.apache.org/maven2/org/javassist/javassist/3.20.0-GA/javassist-3.20.0-GA.pom
2017-04-09 19:12:22,712 [Worker-33] INFO  o.e.m.c.i.e.AbstractTransferListenerAdapter - Downloaded https://repo.maven.apache.org/maven2/org/javassist/javassist/3.20.0-GA/javassist-3.20.0-GA.pom
2017-04-09 19:12:22,961 [Worker-33] INFO  o.e.m.c.i.e.AbstractTransferListenerAdapter - Downloading https://repo.maven.apache.org/maven2/antlr/antlr/2.7.7/antlr-2.7.7.pom
2017-04-09 19:12:23,240 [Worker-33] INFO  o.e.m.c.i.e.AbstractTransferListenerAdapter - Downloaded https://repo.maven.apache.org/maven2/antlr/antlr/2.7.7/antlr-2.7.7.pom
2017-04-09 19:12:23,504 [Worker-33] INFO  o.e.m.c.i.e.AbstractTransferListenerAdapter - Downloading https://repo.maven.apache.org/maven2/org/jboss/spec/javax/transaction/jboss-transaction-api_1.2_spec/1.0.1.Final/jboss-transaction-api_1.2_spec-1.0.1.Final.pom
2017-04-09 19:12:23,770 [Worker-33] INFO  o.e.m.c.i.e.AbstractTransferListenerAdapter - Downloaded https://repo.maven.apache.org/maven2/org/jboss/spec/javax/transaction/jboss-transaction-api_1.2_spec/1.0.1.Final/jboss-transaction-api_1.2_spec-1.0.1.Final.pom
2017-04-09 19:12:24,069 [Worker-33] INFO  o.e.m.c.i.e.AbstractTransferListenerAdapter - Downloading https://repo.maven.apache.org/maven2/org/jboss/jboss-parent/20/jboss-parent-20.pom
2017-04-09 19:12:24,773 [Worker-33] INFO  o.e.m.c.i.e.AbstractTransferListenerAdapter - Downloaded https://repo.maven.apache.org/maven2/org/jboss/jboss-parent/20/jboss-parent-20.pom
2017-04-09 19:12:25,121 [Worker-33] INFO  o.e.m.c.i.e.AbstractTransferListenerAdapter - Downloading https://repo.maven.apache.org/maven2/org/jboss/jandex/2.0.3.Final/jandex-2.0.3.Final.pom
2017-04-09 19:12:25,360 [Worker-33] INFO  o.e.m.c.i.e.AbstractTransferListenerAdapter - Downloaded https://repo.maven.apache.org/maven2/org/jboss/jandex/2.0.3.Final/jandex-2.0.3.Final.pom
2017-04-09 19:12:25,583 [Worker-33] INFO  o.e.m.c.i.e.AbstractTransferListenerAdapter - Downloading https://repo.maven.apache.org/maven2/org/jboss/jboss-parent/12/jboss-parent-12.pom
2017-04-09 19:12:25,984 [Worker-33] INFO  o.e.m.c.i.e.AbstractTransferListenerAdapter - Downloaded https://repo.maven.apache.org/maven2/org/jboss/jboss-parent/12/jboss-parent-12.pom
2017-04-09 19:12:26,218 [Worker-33] INFO  o.e.m.c.i.e.AbstractTransferListenerAdapter - Downloading https://repo.maven.apache.org/maven2/com/fasterxml/classmate/1.3.0/classmate-1.3.0.pom
2017-04-09 19:12:26,443 [Worker-33] INFO  o.e.m.c.i.e.AbstractTransferListenerAdapter - Downloaded https://repo.maven.apache.org/maven2/com/fasterxml/classmate/1.3.0/classmate-1.3.0.pom
2017-04-09 19:12:26,663 [Worker-33] INFO  o.e.m.c.i.e.AbstractTransferListenerAdapter - Downloading https://repo.maven.apache.org/maven2/com/fasterxml/oss-parent/24/oss-parent-24.pom
2017-04-09 19:12:26,944 [Worker-33] INFO  o.e.m.c.i.e.AbstractTransferListenerAdapter - Downloaded https://repo.maven.apache.org/maven2/com/fasterxml/oss-parent/24/oss-parent-24.pom
2017-04-09 19:12:27,180 [Worker-33] INFO  o.e.m.c.i.e.AbstractTransferListenerAdapter - Downloading https://repo.maven.apache.org/maven2/org/hibernate/common/hibernate-commons-annotations/5.0.1.Final/hibernate-commons-annotations-5.0.1.Final.pom
2017-04-09 19:12:27,452 [Worker-33] INFO  o.e.m.c.i.e.AbstractTransferListenerAdapter - Downloaded https://repo.maven.apache.org/maven2/org/hibernate/common/hibernate-commons-annotations/5.0.1.Final/hibernate-commons-annotations-5.0.1.Final.pom
2017-04-09 19:12:27,743 [Worker-33] INFO  o.e.m.c.i.e.AbstractTransferListenerAdapter - Downloading https://repo.maven.apache.org/maven2/org/hibernate/hibernate-core/5.2.9.Final/hibernate-core-5.2.9.Final.jar
2017-04-09 19:12:45,732 [Worker-33] INFO  o.e.m.c.i.e.AbstractTransferListenerAdapter - Downloaded https://repo.maven.apache.org/maven2/org/hibernate/hibernate-core/5.2.9.Final/hibernate-core-5.2.9.Final.jar
2017-04-09 19:12:45,938 [Worker-33] INFO  o.e.m.c.i.e.AbstractTransferListenerAdapter - Downloading https://repo.maven.apache.org/maven2/org/jboss/logging/jboss-logging/3.3.0.Final/jboss-logging-3.3.0.Final.jar
2017-04-09 19:12:46,396 [Worker-33] INFO  o.e.m.c.i.e.AbstractTransferListenerAdapter - Downloaded https://repo.maven.apache.org/maven2/org/jboss/logging/jboss-logging/3.3.0.Final/jboss-logging-3.3.0.Final.jar
2017-04-09 19:12:46,600 [Worker-33] INFO  o.e.m.c.i.e.AbstractTransferListenerAdapter - Downloading https://repo.maven.apache.org/maven2/org/hibernate/javax/persistence/hibernate-jpa-2.1-api/1.0.0.Final/hibernate-jpa-2.1-api-1.0.0.Final.jar
2017-04-09 19:12:47,224 [Worker-33] INFO  o.e.m.c.i.e.AbstractTransferListenerAdapter - Downloaded https://repo.maven.apache.org/maven2/org/hibernate/javax/persistence/hibernate-jpa-2.1-api/1.0.0.Final/hibernate-jpa-2.1-api-1.0.0.Final.jar
2017-04-09 19:12:47,774 [Worker-33] INFO  o.e.m.c.i.e.AbstractTransferListenerAdapter - Downloading https://repo.maven.apache.org/maven2/org/javassist/javassist/3.20.0-GA/javassist-3.20.0-GA.jar
2017-04-09 19:12:49,412 [Worker-33] INFO  o.e.m.c.i.e.AbstractTransferListenerAdapter - Downloaded https://repo.maven.apache.org/maven2/org/javassist/javassist/3.20.0-GA/javassist-3.20.0-GA.jar
2017-04-09 19:12:49,639 [Worker-33] INFO  o.e.m.c.i.e.AbstractTransferListenerAdapter - Downloading https://repo.maven.apache.org/maven2/antlr/antlr/2.7.7/antlr-2.7.7.jar
2017-04-09 19:12:50,742 [Worker-33] INFO  o.e.m.c.i.e.AbstractTransferListenerAdapter - Downloaded https://repo.maven.apache.org/maven2/antlr/antlr/2.7.7/antlr-2.7.7.jar
2017-04-09 19:12:50,966 [Worker-33] INFO  o.e.m.c.i.e.AbstractTransferListenerAdapter - Downloading https://repo.maven.apache.org/maven2/org/jboss/spec/javax/transaction/jboss-transaction-api_1.2_spec/1.0.1.Final/jboss-transaction-api_1.2_spec-1.0.1.Final.jar
2017-04-09 19:12:51,826 [Worker-33] INFO  o.e.m.c.i.e.AbstractTransferListenerAdapter - Downloaded https://repo.maven.apache.org/maven2/org/jboss/spec/javax/transaction/jboss-transaction-api_1.2_spec/1.0.1.Final/jboss-transaction-api_1.2_spec-1.0.1.Final.jar
2017-04-09 19:12:52,199 [Worker-33] INFO  o.e.m.c.i.e.AbstractTransferListenerAdapter - Downloading https://repo.maven.apache.org/maven2/org/jboss/jandex/2.0.3.Final/jandex-2.0.3.Final.jar
2017-04-09 19:12:52,795 [Worker-33] INFO  o.e.m.c.i.e.AbstractTransferListenerAdapter - Downloaded https://repo.maven.apache.org/maven2/org/jboss/jandex/2.0.3.Final/jandex-2.0.3.Final.jar
2017-04-09 19:12:53,055 [Worker-33] INFO  o.e.m.c.i.e.AbstractTransferListenerAdapter - Downloading https://repo.maven.apache.org/maven2/com/fasterxml/classmate/1.3.0/classmate-1.3.0.jar
2017-04-09 19:12:53,345 [Worker-33] INFO  o.e.m.c.i.e.AbstractTransferListenerAdapter - Downloaded https://repo.maven.apache.org/maven2/com/fasterxml/classmate/1.3.0/classmate-1.3.0.jar
2017-04-09 19:12:53,577 [Worker-33] INFO  o.e.m.c.i.e.AbstractTransferListenerAdapter - Downloading https://repo.maven.apache.org/maven2/org/hibernate/common/hibernate-commons-annotations/5.0.1.Final/hibernate-commons-annotations-5.0.1.Final.jar
2017-04-09 19:12:53,895 [Worker-33] INFO  o.e.m.c.i.e.AbstractTransferListenerAdapter - Downloaded https://repo.maven.apache.org/maven2/org/hibernate/common/hibernate-commons-annotations/5.0.1.Final/hibernate-commons-annotations-5.0.1.Final.jar
2017-04-09 19:12:55,598 [Worker-33] WARN  o.e.m.c.i.embedder.EclipseLogger - Using platform encoding (Cp1252 actually) to copy filtered resources, i.e. build is platform dependent!
2017-04-09 19:12:55,600 [Worker-33] INFO  o.e.m.c.i.embedder.EclipseLogger - Copying 0 resource
2017-04-09 19:12:55,601 [Worker-33] WARN  o.e.m.c.i.embedder.EclipseLogger - Using platform encoding (Cp1252 actually) to copy filtered resources, i.e. build is platform dependent!
2017-04-09 19:12:55,602 [Worker-33] INFO  o.e.m.c.i.embedder.EclipseLogger - Copying 0 resource
2017-04-09 19:12:57,125 [Worker-29] WARN  o.e.m.c.i.embedder.EclipseLogger - Using platform encoding (Cp1252 actually) to copy filtered resources, i.e. build is platform dependent!
2017-04-09 19:12:57,127 [Worker-29] INFO  o.e.m.c.i.embedder.EclipseLogger - Copying 0 resource
2017-04-09 19:12:57,129 [Worker-29] WARN  o.e.m.c.i.embedder.EclipseLogger - Using platform encoding (Cp1252 actually) to copy filtered resources, i.e. build is platform dependent!
2017-04-09 19:12:57,130 [Worker-29] INFO  o.e.m.c.i.embedder.EclipseLogger - Copying 0 resource
2017-04-09 19:13:02,250 [Worker-31] INFO  o.e.m.c.i.l.LifecycleMappingFactory - Using org.eclipse.m2e.jdt.JarLifecycleMapping lifecycle mapping for MavenProject: sfc.aplicacion:PruebaHibernate:0.0.1-SNAPSHOT @ D:\Carrefour\Proyectos\PruebaHibernate\pom.xml.
2017-04-09 19:13:03,752 [Worker-31] INFO  o.e.m.c.i.e.AbstractTransferListenerAdapter - Downloading https://repo.maven.apache.org/maven2/mysql/mysql-connector-java/6.0.6/mysql-connector-java-6.0.6.pom
2017-04-09 19:13:04,179 [Worker-31] INFO  o.e.m.c.i.e.AbstractTransferListenerAdapter - Downloaded https://repo.maven.apache.org/maven2/mysql/mysql-connector-java/6.0.6/mysql-connector-java-6.0.6.pom
2017-04-09 19:13:04,504 [Worker-31] INFO  o.e.m.c.i.e.AbstractTransferListenerAdapter - Downloading https://repo.maven.apache.org/maven2/mysql/mysql-connector-java/6.0.6/mysql-connector-java-6.0.6.jar
2017-04-09 19:13:11,939 [Worker-31] INFO  o.e.m.c.i.e.AbstractTransferListenerAdapter - Downloaded https://repo.maven.apache.org/maven2/mysql/mysql-connector-java/6.0.6/mysql-connector-java-6.0.6.jar
2017-04-09 19:13:12,453 [Worker-31] WARN  o.e.m.c.i.embedder.EclipseLogger - Using platform encoding (Cp1252 actually) to copy filtered resources, i.e. build is platform dependent!
2017-04-09 19:13:12,455 [Worker-31] INFO  o.e.m.c.i.embedder.EclipseLogger - Copying 0 resource
2017-04-09 19:13:12,456 [Worker-31] WARN  o.e.m.c.i.embedder.EclipseLogger - Using platform encoding (Cp1252 actually) to copy filtered resources, i.e. build is platform dependent!
2017-04-09 19:13:12,457 [Worker-31] INFO  o.e.m.c.i.embedder.EclipseLogger - Copying 0 resource
2017-04-09 19:13:12,989 [Worker-32] WARN  o.e.m.c.i.embedder.EclipseLogger - Using platform encoding (Cp1252 actually) to copy filtered resources, i.e. build is platform dependent!
2017-04-09 19:13:12,990 [Worker-32] INFO  o.e.m.c.i.embedder.EclipseLogger - Copying 0 resource
2017-04-09 19:13:12,991 [Worker-32] WARN  o.e.m.c.i.embedder.EclipseLogger - Using platform encoding (Cp1252 actually) to copy filtered resources, i.e. build is platform dependent!
2017-04-09 19:13:12,991 [Worker-32] INFO  o.e.m.c.i.embedder.EclipseLogger - Copying 0 resource
2017-04-09 19:13:53,000 [Worker-34] INFO  o.e.m.c.i.l.LifecycleMappingFactory - Using org.eclipse.m2e.jdt.JarLifecycleMapping lifecycle mapping for MavenProject: sfc.aplicacion:PruebaHibernate:0.0.1-SNAPSHOT @ D:\Carrefour\Proyectos\PruebaHibernate\pom.xml.
2017-04-09 19:13:54,159 [Worker-34] INFO  o.e.m.c.i.e.AbstractTransferListenerAdapter - Downloading https://repo.maven.apache.org/maven2/javax/persistence/persistence-api/1.0.2/persistence-api-1.0.2.pom
2017-04-09 19:13:54,374 [Worker-34] INFO  o.e.m.c.i.e.AbstractTransferListenerAdapter - Downloaded https://repo.maven.apache.org/maven2/javax/persistence/persistence-api/1.0.2/persistence-api-1.0.2.pom
2017-04-09 19:13:54,707 [Worker-34] INFO  o.e.m.c.i.e.AbstractTransferListenerAdapter - Downloading https://repo.maven.apache.org/maven2/javax/persistence/persistence-api/1.0.2/persistence-api-1.0.2.jar
2017-04-09 19:13:55,594 [Worker-34] INFO  o.e.m.c.i.e.AbstractTransferListenerAdapter - Downloaded https://repo.maven.apache.org/maven2/javax/persistence/persistence-api/1.0.2/persistence-api-1.0.2.jar
2017-04-09 19:13:56,211 [Worker-34] WARN  o.e.m.c.i.embedder.EclipseLogger - Using platform encoding (Cp1252 actually) to copy filtered resources, i.e. build is platform dependent!
2017-04-09 19:13:56,213 [Worker-34] INFO  o.e.m.c.i.embedder.EclipseLogger - Copying 0 resource
2017-04-09 19:13:56,214 [Worker-34] WARN  o.e.m.c.i.embedder.EclipseLogger - Using platform encoding (Cp1252 actually) to copy filtered resources, i.e. build is platform dependent!
2017-04-09 19:13:56,215 [Worker-34] INFO  o.e.m.c.i.embedder.EclipseLogger - Copying 0 resource
2017-04-09 19:13:57,623 [Worker-26] WARN  o.e.m.c.i.embedder.EclipseLogger - Using platform encoding (Cp1252 actually) to copy filtered resources, i.e. build is platform dependent!
2017-04-09 19:13:57,624 [Worker-26] INFO  o.e.m.c.i.embedder.EclipseLogger - Copying 0 resource
2017-04-09 19:13:57,625 [Worker-26] WARN  o.e.m.c.i.embedder.EclipseLogger - Using platform encoding (Cp1252 actually) to copy filtered resources, i.e. build is platform dependent!
2017-04-09 19:13:57,626 [Worker-26] INFO  o.e.m.c.i.embedder.EclipseLogger - Copying 0 resource
2017-04-09 19:14:22,026 [Worker-32] INFO  o.e.m.c.i.l.LifecycleMappingFactory - Using org.eclipse.m2e.jdt.JarLifecycleMapping lifecycle mapping for MavenProject: sfc.aplicacion:PruebaHibernate:0.0.1-SNAPSHOT @ D:\Carrefour\Proyectos\PruebaHibernate\pom.xml.
2017-04-09 19:14:23,037 [Worker-32] INFO  o.e.m.c.i.e.AbstractTransferListenerAdapter - Downloading https://repo.maven.apache.org/maven2/org/hibernate/hibernate-entitymanager/5.2.9.Final/hibernate-entitymanager-5.2.9.Final.pom
2017-04-09 19:14:23,415 [Worker-32] INFO  o.e.m.c.i.e.AbstractTransferListenerAdapter - Downloaded https://repo.maven.apache.org/maven2/org/hibernate/hibernate-entitymanager/5.2.9.Final/hibernate-entitymanager-5.2.9.Final.pom
2017-04-09 19:14:23,761 [Worker-32] INFO  o.e.m.c.i.e.AbstractTransferListenerAdapter - Downloading https://repo.maven.apache.org/maven2/net/bytebuddy/byte-buddy/1.6.6/byte-buddy-1.6.6.pom
2017-04-09 19:14:24,143 [Worker-32] INFO  o.e.m.c.i.e.AbstractTransferListenerAdapter - Downloaded https://repo.maven.apache.org/maven2/net/bytebuddy/byte-buddy/1.6.6/byte-buddy-1.6.6.pom
2017-04-09 19:14:24,343 [Worker-32] INFO  o.e.m.c.i.e.AbstractTransferListenerAdapter - Downloading https://repo.maven.apache.org/maven2/net/bytebuddy/byte-buddy-parent/1.6.6/byte-buddy-parent-1.6.6.pom
2017-04-09 19:14:25,106 [Worker-32] INFO  o.e.m.c.i.e.AbstractTransferListenerAdapter - Downloaded https://repo.maven.apache.org/maven2/net/bytebuddy/byte-buddy-parent/1.6.6/byte-buddy-parent-1.6.6.pom
2017-04-09 19:14:25,372 [Worker-32] INFO  o.e.m.c.i.e.AbstractTransferListenerAdapter - Downloading https://repo.maven.apache.org/maven2/org/hibernate/hibernate-entitymanager/5.2.9.Final/hibernate-entitymanager-5.2.9.Final.jar
2017-04-09 19:14:25,583 [Worker-32] INFO  o.e.m.c.i.e.AbstractTransferListenerAdapter - Downloaded https://repo.maven.apache.org/maven2/org/hibernate/hibernate-entitymanager/5.2.9.Final/hibernate-entitymanager-5.2.9.Final.jar
2017-04-09 19:14:25,802 [Worker-32] INFO  o.e.m.c.i.e.AbstractTransferListenerAdapter - Downloading https://repo.maven.apache.org/maven2/net/bytebuddy/byte-buddy/1.6.6/byte-buddy-1.6.6.jar
2017-04-09 19:14:35,817 [Worker-32] INFO  o.e.m.c.i.e.AbstractTransferListenerAdapter - Downloaded https://repo.maven.apache.org/maven2/net/bytebuddy/byte-buddy/1.6.6/byte-buddy-1.6.6.jar
2017-04-09 19:14:36,408 [Worker-32] WARN  o.e.m.c.i.embedder.EclipseLogger - Using platform encoding (Cp1252 actually) to copy filtered resources, i.e. build is platform dependent!
2017-04-09 19:14:36,410 [Worker-32] INFO  o.e.m.c.i.embedder.EclipseLogger - Copying 0 resource
2017-04-09 19:14:36,412 [Worker-32] WARN  o.e.m.c.i.embedder.EclipseLogger - Using platform encoding (Cp1252 actually) to copy filtered resources, i.e. build is platform dependent!
2017-04-09 19:14:36,413 [Worker-32] INFO  o.e.m.c.i.embedder.EclipseLogger - Copying 0 resource
2017-04-09 19:14:37,372 [Worker-30] INFO  o.e.m.c.i.l.LifecycleMappingFactory - Using org.eclipse.m2e.jdt.JarLifecycleMapping lifecycle mapping for MavenProject: sfc.aplicacion:PruebaHibernate:0.0.1-SNAPSHOT @ D:\Carrefour\Proyectos\PruebaHibernate\pom.xml.
2017-04-09 19:14:37,910 [Worker-30] WARN  o.e.m.c.i.embedder.EclipseLogger - Using platform encoding (Cp1252 actually) to copy filtered resources, i.e. build is platform dependent!
2017-04-09 19:14:37,912 [Worker-30] INFO  o.e.m.c.i.embedder.EclipseLogger - Copying 0 resource
2017-04-09 19:14:37,914 [Worker-30] WARN  o.e.m.c.i.embedder.EclipseLogger - Using platform encoding (Cp1252 actually) to copy filtered resources, i.e. build is platform dependent!
2017-04-09 19:14:37,915 [Worker-30] INFO  o.e.m.c.i.embedder.EclipseLogger - Copying 0 resource
2017-04-09 19:16:16,835 [Worker-31] WARN  o.e.m.c.i.embedder.EclipseLogger - Using platform encoding (Cp1252 actually) to copy filtered resources, i.e. build is platform dependent!
2017-04-09 19:16:16,837 [Worker-31] INFO  o.e.m.c.i.embedder.EclipseLogger - Copying 1 resource
2017-04-09 19:16:16,845 [Worker-31] WARN  o.e.m.c.i.embedder.EclipseLogger - Using platform encoding (Cp1252 actually) to copy filtered resources, i.e. build is platform dependent!
2017-04-09 19:16:16,846 [Worker-31] INFO  o.e.m.c.i.embedder.EclipseLogger - Copying 0 resource
2017-04-09 19:16:23,020 [Worker-34] WARN  o.e.m.c.i.embedder.EclipseLogger - Using platform encoding (Cp1252 actually) to copy filtered resources, i.e. build is platform dependent!
2017-04-09 19:16:23,021 [Worker-34] INFO  o.e.m.c.i.embedder.EclipseLogger - Copying 0 resource
2017-04-09 19:16:23,023 [Worker-34] WARN  o.e.m.c.i.embedder.EclipseLogger - Using platform encoding (Cp1252 actually) to copy filtered resources, i.e. build is platform dependent!
2017-04-09 19:16:23,024 [Worker-34] INFO  o.e.m.c.i.embedder.EclipseLogger - Copying 0 resource
2017-04-09 19:16:25,756 [Worker-36] WARN  o.e.m.c.i.embedder.EclipseLogger - Using platform encoding (Cp1252 actually) to copy filtered resources, i.e. build is platform dependent!
2017-04-09 19:16:25,757 [Worker-36] INFO  o.e.m.c.i.embedder.EclipseLogger - Copying 1 resource
2017-04-09 19:16:25,760 [Worker-36] WARN  o.e.m.c.i.embedder.EclipseLogger - Using platform encoding (Cp1252 actually) to copy filtered resources, i.e. build is platform dependent!
2017-04-09 19:16:25,761 [Worker-36] INFO  o.e.m.c.i.embedder.EclipseLogger - Copying 0 resource
2017-04-09 19:17:53,252 [Worker-36] WARN  o.e.m.c.i.embedder.EclipseLogger - Using platform encoding (Cp1252 actually) to copy filtered resources, i.e. build is platform dependent!
2017-04-09 19:17:53,252 [Worker-36] INFO  o.e.m.c.i.embedder.EclipseLogger - Copying 1 resource
2017-04-09 19:17:53,255 [Worker-36] WARN  o.e.m.c.i.embedder.EclipseLogger - Using platform encoding (Cp1252 actually) to copy filtered resources, i.e. build is platform dependent!
2017-04-09 19:17:53,255 [Worker-36] INFO  o.e.m.c.i.embedder.EclipseLogger - Copying 0 resource
2017-04-09 19:19:06,911 [Worker-38] WARN  o.e.m.c.i.embedder.EclipseLogger - Using platform encoding (Cp1252 actually) to copy filtered resources, i.e. build is platform dependent!
2017-04-09 19:19:06,912 [Worker-38] INFO  o.e.m.c.i.embedder.EclipseLogger - Copying 1 resource
2017-04-09 19:19:06,914 [Worker-38] WARN  o.e.m.c.i.embedder.EclipseLogger - Using platform encoding (Cp1252 actually) to copy filtered resources, i.e. build is platform dependent!
2017-04-09 19:19:06,915 [Worker-38] INFO  o.e.m.c.i.embedder.EclipseLogger - Copying 0 resource
2017-04-09 19:19:40,714 [Worker-39] WARN  o.e.m.c.i.embedder.EclipseLogger - Using platform encoding (Cp1252 actually) to copy filtered resources, i.e. build is platform dependent!
2017-04-09 19:19:40,716 [Worker-39] INFO  o.e.m.c.i.embedder.EclipseLogger - Copying 1 resource
2017-04-09 19:19:40,718 [Worker-39] WARN  o.e.m.c.i.embedder.EclipseLogger - Using platform encoding (Cp1252 actually) to copy filtered resources, i.e. build is platform dependent!
2017-04-09 19:19:40,719 [Worker-39] INFO  o.e.m.c.i.embedder.EclipseLogger - Copying 0 resource
2017-04-09 19:20:05,964 [Worker-42] WARN  o.e.m.c.i.embedder.EclipseLogger - Using platform encoding (Cp1252 actually) to copy filtered resources, i.e. build is platform dependent!
2017-04-09 19:20:05,966 [Worker-42] INFO  o.e.m.c.i.embedder.EclipseLogger - Copying 1 resource
2017-04-09 19:20:05,968 [Worker-42] WARN  o.e.m.c.i.embedder.EclipseLogger - Using platform encoding (Cp1252 actually) to copy filtered resources, i.e. build is platform dependent!
2017-04-09 19:20:05,969 [Worker-42] INFO  o.e.m.c.i.embedder.EclipseLogger - Copying 0 resource
2017-04-09 19:24:30,498 [Worker-45] WARN  o.e.m.c.i.embedder.EclipseLogger - Using platform encoding (Cp1252 actually) to copy filtered resources, i.e. build is platform dependent!
2017-04-09 19:24:30,500 [Worker-45] INFO  o.e.m.c.i.embedder.EclipseLogger - Copying 1 resource
2017-04-09 19:24:30,501 [Worker-45] WARN  o.e.m.c.i.embedder.EclipseLogger - Using platform encoding (Cp1252 actually) to copy filtered resources, i.e. build is platform dependent!
2017-04-09 19:24:30,501 [Worker-45] INFO  o.e.m.c.i.embedder.EclipseLogger - Copying 0 resource
2017-04-09 19:24:50,241 [Worker-44] WARN  o.e.m.c.i.embedder.EclipseLogger - Using platform encoding (Cp1252 actually) to copy filtered resources, i.e. build is platform dependent!
2017-04-09 19:24:50,242 [Worker-44] INFO  o.e.m.c.i.embedder.EclipseLogger - Copying 1 resource
2017-04-09 19:24:50,248 [Worker-44] WARN  o.e.m.c.i.embedder.EclipseLogger - Using platform encoding (Cp1252 actually) to copy filtered resources, i.e. build is platform dependent!
2017-04-09 19:24:50,249 [Worker-44] INFO  o.e.m.c.i.embedder.EclipseLogger - Copying 0 resource
2017-04-09 19:24:57,113 [Worker-45] WARN  o.e.m.c.i.embedder.EclipseLogger - Using platform encoding (Cp1252 actually) to copy filtered resources, i.e. build is platform dependent!
2017-04-09 19:24:57,114 [Worker-45] INFO  o.e.m.c.i.embedder.EclipseLogger - Copying 1 resource
2017-04-09 19:24:57,115 [Worker-45] WARN  o.e.m.c.i.embedder.EclipseLogger - Using platform encoding (Cp1252 actually) to copy filtered resources, i.e. build is platform dependent!
2017-04-09 19:24:57,115 [Worker-45] INFO  o.e.m.c.i.embedder.EclipseLogger - Copying 0 resource
2017-04-09 19:25:02,060 [Worker-46] WARN  o.e.m.c.i.embedder.EclipseLogger - Using platform encoding (Cp1252 actually) to copy filtered resources, i.e. build is platform dependent!
2017-04-09 19:25:02,061 [Worker-46] INFO  o.e.m.c.i.embedder.EclipseLogger - Copying 1 resource
2017-04-09 19:25:02,063 [Worker-46] WARN  o.e.m.c.i.embedder.EclipseLogger - Using platform encoding (Cp1252 actually) to copy filtered resources, i.e. build is platform dependent!
2017-04-09 19:25:02,063 [Worker-46] INFO  o.e.m.c.i.embedder.EclipseLogger - Copying 0 resource
2017-04-09 19:25:22,459 [Worker-38] WARN  o.e.m.c.i.embedder.EclipseLogger - Using platform encoding (Cp1252 actually) to copy filtered resources, i.e. build is platform dependent!
2017-04-09 19:25:22,461 [Worker-38] INFO  o.e.m.c.i.embedder.EclipseLogger - Copying 1 resource
2017-04-09 19:25:22,462 [Worker-38] WARN  o.e.m.c.i.embedder.EclipseLogger - Using platform encoding (Cp1252 actually) to copy filtered resources, i.e. build is platform dependent!
2017-04-09 19:25:22,463 [Worker-38] INFO  o.e.m.c.i.embedder.EclipseLogger - Copying 0 resource
2017-04-09 19:25:34,129 [Worker-45] INFO  o.e.m.c.i.p.ProjectConfigurationManager - Update started
2017-04-09 19:25:34,743 [Worker-45] INFO  o.e.m.c.i.l.LifecycleMappingFactory - Using org.eclipse.m2e.jdt.JarLifecycleMapping lifecycle mapping for MavenProject: sfc.aplicacion:PruebaHibernate:0.0.1-SNAPSHOT @ D:\Carrefour\Proyectos\PruebaHibernate\pom.xml.
2017-04-09 19:25:34,975 [Worker-45] INFO  o.e.m.j.i.AbstractJavaProjectConfigurator - Adding source folder /PruebaHibernate/src/main/java
2017-04-09 19:25:34,975 [Worker-45] INFO  o.e.m.j.i.AbstractJavaProjectConfigurator - Adding resource folder /PruebaHibernate/src/main/resources
2017-04-09 19:25:34,976 [Worker-45] INFO  o.e.m.j.i.AbstractJavaProjectConfigurator - Adding source folder /PruebaHibernate/src/test/java
2017-04-09 19:25:34,976 [Worker-45] INFO  o.e.m.j.i.AbstractJavaProjectConfigurator - Adding resource folder /PruebaHibernate/src/test/resources
2017-04-09 19:25:35,864 [Worker-45] INFO  o.e.m.c.i.p.ProjectConfigurationManager - Update completed: 1 sec
2017-04-09 19:25:36,881 [Worker-49] WARN  o.e.m.c.i.embedder.EclipseLogger - Using platform encoding (Cp1252 actually) to copy filtered resources, i.e. build is platform dependent!
2017-04-09 19:25:36,883 [Worker-49] INFO  o.e.m.c.i.embedder.EclipseLogger - Copying 1 resource
2017-04-09 19:25:36,891 [Worker-49] WARN  o.e.m.c.i.embedder.EclipseLogger - Using platform encoding (Cp1252 actually) to copy filtered resources, i.e. build is platform dependent!
2017-04-09 19:25:36,892 [Worker-49] INFO  o.e.m.c.i.embedder.EclipseLogger - Copying 0 resource
2017-04-09 19:25:58,033 [Worker-50] WARN  o.e.m.c.i.embedder.EclipseLogger - Using platform encoding (Cp1252 actually) to copy filtered resources, i.e. build is platform dependent!
2017-04-09 19:25:58,036 [Worker-50] INFO  o.e.m.c.i.embedder.EclipseLogger - Copying 1 resource
2017-04-09 19:25:58,037 [Worker-50] WARN  o.e.m.c.i.embedder.EclipseLogger - Using platform encoding (Cp1252 actually) to copy filtered resources, i.e. build is platform dependent!
2017-04-09 19:25:58,038 [Worker-50] INFO  o.e.m.c.i.embedder.EclipseLogger - Copying 0 resource
2017-04-09 19:26:05,980 [Worker-46] WARN  o.e.m.c.i.embedder.EclipseLogger - Using platform encoding (Cp1252 actually) to copy filtered resources, i.e. build is platform dependent!
2017-04-09 19:26:05,981 [Worker-46] INFO  o.e.m.c.i.embedder.EclipseLogger - Copying 1 resource
2017-04-09 19:26:05,982 [Worker-46] WARN  o.e.m.c.i.embedder.EclipseLogger - Using platform encoding (Cp1252 actually) to copy filtered resources, i.e. build is platform dependent!
2017-04-09 19:26:05,983 [Worker-46] INFO  o.e.m.c.i.embedder.EclipseLogger - Copying 0 resource
2017-04-09 19:46:00,504 [Worker-59] WARN  o.e.m.c.i.embedder.EclipseLogger - Using platform encoding (Cp1252 actually) to copy filtered resources, i.e. build is platform dependent!
2017-04-09 19:46:00,507 [Worker-59] INFO  o.e.m.c.i.embedder.EclipseLogger - Copying 1 resource
2017-04-09 19:46:00,514 [Worker-59] WARN  o.e.m.c.i.embedder.EclipseLogger - Using platform encoding (Cp1252 actually) to copy filtered resources, i.e. build is platform dependent!
2017-04-09 19:46:00,517 [Worker-59] INFO  o.e.m.c.i.embedder.EclipseLogger - Copying 0 resource
2017-04-09 19:46:39,894 [Worker-61] WARN  o.e.m.c.i.embedder.EclipseLogger - Using platform encoding (Cp1252 actually) to copy filtered resources, i.e. build is platform dependent!
2017-04-09 19:46:39,896 [Worker-61] INFO  o.e.m.c.i.embedder.EclipseLogger - Copying 1 resource
2017-04-09 19:46:39,904 [Worker-61] WARN  o.e.m.c.i.embedder.EclipseLogger - Using platform encoding (Cp1252 actually) to copy filtered resources, i.e. build is platform dependent!
2017-04-09 19:46:39,906 [Worker-61] INFO  o.e.m.c.i.embedder.EclipseLogger - Copying 0 resource
2017-04-09 19:47:35,786 [Worker-56] WARN  o.e.m.c.i.embedder.EclipseLogger - Using platform encoding (Cp1252 actually) to copy filtered resources, i.e. build is platform dependent!
2017-04-09 19:47:35,789 [Worker-56] INFO  o.e.m.c.i.embedder.EclipseLogger - Copying 1 resource
2017-04-09 19:47:35,795 [Worker-56] WARN  o.e.m.c.i.embedder.EclipseLogger - Using platform encoding (Cp1252 actually) to copy filtered resources, i.e. build is platform dependent!
2017-04-09 19:47:35,797 [Worker-56] INFO  o.e.m.c.i.embedder.EclipseLogger - Copying 0 resource
2017-04-09 19:48:33,269 [Worker-63] WARN  o.e.m.c.i.embedder.EclipseLogger - Using platform encoding (Cp1252 actually) to copy filtered resources, i.e. build is platform dependent!
2017-04-09 19:48:33,271 [Worker-63] INFO  o.e.m.c.i.embedder.EclipseLogger - Copying 1 resource
2017-04-09 19:48:33,272 [Worker-63] WARN  o.e.m.c.i.embedder.EclipseLogger - Using platform encoding (Cp1252 actually) to copy filtered resources, i.e. build is platform dependent!
2017-04-09 19:48:33,273 [Worker-63] INFO  o.e.m.c.i.embedder.EclipseLogger - Copying 0 resource
2017-04-09 19:54:33,553 [Worker-67] WARN  o.e.m.c.i.embedder.EclipseLogger - Using platform encoding (Cp1252 actually) to copy filtered resources, i.e. build is platform dependent!
2017-04-09 19:54:33,554 [Worker-67] INFO  o.e.m.c.i.embedder.EclipseLogger - Copying 1 resource
2017-04-09 19:54:33,557 [Worker-67] WARN  o.e.m.c.i.embedder.EclipseLogger - Using platform encoding (Cp1252 actually) to copy filtered resources, i.e. build is platform dependent!
2017-04-09 19:54:33,558 [Worker-67] INFO  o.e.m.c.i.embedder.EclipseLogger - Copying 0 resource
2017-04-09 19:55:08,122 [Worker-69] WARN  o.e.m.c.i.embedder.EclipseLogger - Using platform encoding (Cp1252 actually) to copy filtered resources, i.e. build is platform dependent!
2017-04-09 19:55:08,124 [Worker-69] INFO  o.e.m.c.i.embedder.EclipseLogger - Copying 1 resource
2017-04-09 19:55:08,126 [Worker-69] WARN  o.e.m.c.i.embedder.EclipseLogger - Using platform encoding (Cp1252 actually) to copy filtered resources, i.e. build is platform dependent!
2017-04-09 19:55:08,127 [Worker-69] INFO  o.e.m.c.i.embedder.EclipseLogger - Copying 0 resource
2017-04-09 19:55:25,879 [Worker-70] WARN  o.e.m.c.i.embedder.EclipseLogger - Using platform encoding (Cp1252 actually) to copy filtered resources, i.e. build is platform dependent!
2017-04-09 19:55:25,881 [Worker-70] INFO  o.e.m.c.i.embedder.EclipseLogger - Copying 1 resource
2017-04-09 19:55:25,882 [Worker-70] WARN  o.e.m.c.i.embedder.EclipseLogger - Using platform encoding (Cp1252 actually) to copy filtered resources, i.e. build is platform dependent!
2017-04-09 19:55:25,883 [Worker-70] INFO  o.e.m.c.i.embedder.EclipseLogger - Copying 0 resource
2017-04-09 19:55:39,673 [Worker-70] WARN  o.e.m.c.i.embedder.EclipseLogger - Using platform encoding (Cp1252 actually) to copy filtered resources, i.e. build is platform dependent!
2017-04-09 19:55:39,675 [Worker-70] INFO  o.e.m.c.i.embedder.EclipseLogger - Copying 1 resource
2017-04-09 19:55:39,678 [Worker-70] WARN  o.e.m.c.i.embedder.EclipseLogger - Using platform encoding (Cp1252 actually) to copy filtered resources, i.e. build is platform dependent!
2017-04-09 19:55:39,679 [Worker-70] INFO  o.e.m.c.i.embedder.EclipseLogger - Copying 0 resource
2017-04-09 19:55:57,513 [Worker-70] WARN  o.e.m.c.i.embedder.EclipseLogger - Using platform encoding (Cp1252 actually) to copy filtered resources, i.e. build is platform dependent!
2017-04-09 19:55:57,515 [Worker-70] INFO  o.e.m.c.i.embedder.EclipseLogger - Copying 1 resource
2017-04-09 19:55:57,517 [Worker-70] WARN  o.e.m.c.i.embedder.EclipseLogger - Using platform encoding (Cp1252 actually) to copy filtered resources, i.e. build is platform dependent!
2017-04-09 19:55:57,519 [Worker-70] INFO  o.e.m.c.i.embedder.EclipseLogger - Copying 0 resource
2017-04-09 19:57:27,182 [Worker-69] WARN  o.e.m.c.i.embedder.EclipseLogger - Using platform encoding (Cp1252 actually) to copy filtered resources, i.e. build is platform dependent!
2017-04-09 19:57:27,183 [Worker-69] INFO  o.e.m.c.i.embedder.EclipseLogger - Copying 1 resource
2017-04-09 19:57:27,184 [Worker-69] WARN  o.e.m.c.i.embedder.EclipseLogger - Using platform encoding (Cp1252 actually) to copy filtered resources, i.e. build is platform dependent!
2017-04-09 19:57:27,185 [Worker-69] INFO  o.e.m.c.i.embedder.EclipseLogger - Copying 0 resource
2017-04-09 19:58:43,252 [Worker-73] WARN  o.e.m.c.i.embedder.EclipseLogger - Using platform encoding (Cp1252 actually) to copy filtered resources, i.e. build is platform dependent!
2017-04-09 19:58:43,254 [Worker-73] INFO  o.e.m.c.i.embedder.EclipseLogger - Copying 1 resource
2017-04-09 19:58:43,261 [Worker-73] WARN  o.e.m.c.i.embedder.EclipseLogger - Using platform encoding (Cp1252 actually) to copy filtered resources, i.e. build is platform dependent!
2017-04-09 19:58:43,263 [Worker-73] INFO  o.e.m.c.i.embedder.EclipseLogger - Copying 0 resource
2017-04-09 19:59:01,955 [Worker-68] WARN  o.e.m.c.i.embedder.EclipseLogger - Using platform encoding (Cp1252 actually) to copy filtered resources, i.e. build is platform dependent!
2017-04-09 19:59:01,957 [Worker-68] INFO  o.e.m.c.i.embedder.EclipseLogger - Copying 1 resource
2017-04-09 19:59:01,962 [Worker-68] WARN  o.e.m.c.i.embedder.EclipseLogger - Using platform encoding (Cp1252 actually) to copy filtered resources, i.e. build is platform dependent!
2017-04-09 19:59:01,964 [Worker-68] INFO  o.e.m.c.i.embedder.EclipseLogger - Copying 0 resource
2017-04-09 19:59:08,468 [Worker-74] INFO  o.e.m.c.i.e.AbstractTransferListenerAdapter - Downloading https://repo.maven.apache.org/maven2/mysql/mysql-connector-java/6.0.6/mysql-connector-java-6.0.6-sources.jar
2017-04-09 19:59:10,361 [Worker-74] INFO  o.e.m.c.i.e.AbstractTransferListenerAdapter - Downloaded https://repo.maven.apache.org/maven2/mysql/mysql-connector-java/6.0.6/mysql-connector-java-6.0.6-sources.jar
2017-04-09 19:59:10,501 [Worker-74] INFO  o.e.m.j.internal.DownloadSourcesJob - Downloaded sources for mysql:mysql-connector-java:6.0.6
2017-04-09 19:59:10,866 [Worker-72] WARN  o.e.m.c.i.embedder.EclipseLogger - Using platform encoding (Cp1252 actually) to copy filtered resources, i.e. build is platform dependent!
2017-04-09 19:59:10,867 [Worker-72] INFO  o.e.m.c.i.embedder.EclipseLogger - Copying 0 resource
2017-04-09 19:59:10,870 [Worker-72] WARN  o.e.m.c.i.embedder.EclipseLogger - Using platform encoding (Cp1252 actually) to copy filtered resources, i.e. build is platform dependent!
2017-04-09 19:59:10,870 [Worker-72] INFO  o.e.m.c.i.embedder.EclipseLogger - Copying 0 resource
2017-04-09 19:59:50,011 [Worker-62] WARN  o.e.m.c.i.embedder.EclipseLogger - Using platform encoding (Cp1252 actually) to copy filtered resources, i.e. build is platform dependent!
2017-04-09 19:59:50,013 [Worker-62] INFO  o.e.m.c.i.embedder.EclipseLogger - Copying 1 resource
2017-04-09 19:59:50,018 [Worker-62] WARN  o.e.m.c.i.embedder.EclipseLogger - Using platform encoding (Cp1252 actually) to copy filtered resources, i.e. build is platform dependent!
2017-04-09 19:59:50,019 [Worker-62] INFO  o.e.m.c.i.embedder.EclipseLogger - Copying 0 resource
2017-04-09 20:00:53,504 [Worker-76] WARN  o.e.m.c.i.embedder.EclipseLogger - Using platform encoding (Cp1252 actually) to copy filtered resources, i.e. build is platform dependent!
2017-04-09 20:00:53,506 [Worker-76] INFO  o.e.m.c.i.embedder.EclipseLogger - Copying 1 resource
2017-04-09 20:00:53,507 [Worker-76] WARN  o.e.m.c.i.embedder.EclipseLogger - Using platform encoding (Cp1252 actually) to copy filtered resources, i.e. build is platform dependent!
2017-04-09 20:00:53,508 [Worker-76] INFO  o.e.m.c.i.embedder.EclipseLogger - Copying 0 resource
2017-04-09 20:02:20,376 [Worker-62] WARN  o.e.m.c.i.embedder.EclipseLogger - Using platform encoding (Cp1252 actually) to copy filtered resources, i.e. build is platform dependent!
2017-04-09 20:02:20,378 [Worker-62] INFO  o.e.m.c.i.embedder.EclipseLogger - Copying 1 resource
2017-04-09 20:02:20,380 [Worker-62] WARN  o.e.m.c.i.embedder.EclipseLogger - Using platform encoding (Cp1252 actually) to copy filtered resources, i.e. build is platform dependent!
2017-04-09 20:02:20,381 [Worker-62] INFO  o.e.m.c.i.embedder.EclipseLogger - Copying 0 resource
2017-04-09 20:02:27,797 [Worker-75] WARN  o.e.m.c.i.embedder.EclipseLogger - Using platform encoding (Cp1252 actually) to copy filtered resources, i.e. build is platform dependent!
2017-04-09 20:02:27,799 [Worker-75] INFO  o.e.m.c.i.embedder.EclipseLogger - Copying 1 resource
2017-04-09 20:02:27,800 [Worker-75] WARN  o.e.m.c.i.embedder.EclipseLogger - Using platform encoding (Cp1252 actually) to copy filtered resources, i.e. build is platform dependent!
2017-04-09 20:02:27,802 [Worker-75] INFO  o.e.m.c.i.embedder.EclipseLogger - Copying 0 resource
2017-04-09 20:05:32,534 [Worker-71] WARN  o.e.m.c.i.embedder.EclipseLogger - Using platform encoding (Cp1252 actually) to copy filtered resources, i.e. build is platform dependent!
2017-04-09 20:05:32,535 [Worker-71] INFO  o.e.m.c.i.embedder.EclipseLogger - Copying 1 resource
2017-04-09 20:05:32,536 [Worker-71] WARN  o.e.m.c.i.embedder.EclipseLogger - Using platform encoding (Cp1252 actually) to copy filtered resources, i.e. build is platform dependent!
2017-04-09 20:05:32,538 [Worker-71] INFO  o.e.m.c.i.embedder.EclipseLogger - Copying 0 resource
2017-04-09 20:06:10,130 [Worker-78] WARN  o.e.m.c.i.embedder.EclipseLogger - Using platform encoding (Cp1252 actually) to copy filtered resources, i.e. build is platform dependent!
2017-04-09 20:06:10,132 [Worker-78] INFO  o.e.m.c.i.embedder.EclipseLogger - Copying 1 resource
2017-04-09 20:06:10,134 [Worker-78] WARN  o.e.m.c.i.embedder.EclipseLogger - Using platform encoding (Cp1252 actually) to copy filtered resources, i.e. build is platform dependent!
2017-04-09 20:06:10,135 [Worker-78] INFO  o.e.m.c.i.embedder.EclipseLogger - Copying 0 resource
2017-04-09 20:06:21,768 [Worker-77] WARN  o.e.m.c.i.embedder.EclipseLogger - Using platform encoding (Cp1252 actually) to copy filtered resources, i.e. build is platform dependent!
2017-04-09 20:06:21,769 [Worker-77] INFO  o.e.m.c.i.embedder.EclipseLogger - Copying 1 resource
2017-04-09 20:06:21,770 [Worker-77] WARN  o.e.m.c.i.embedder.EclipseLogger - Using platform encoding (Cp1252 actually) to copy filtered resources, i.e. build is platform dependent!
2017-04-09 20:06:21,771 [Worker-77] INFO  o.e.m.c.i.embedder.EclipseLogger - Copying 0 resource
2017-04-09 20:07:05,538 [Worker-77] WARN  o.e.m.c.i.embedder.EclipseLogger - Using platform encoding (Cp1252 actually) to copy filtered resources, i.e. build is platform dependent!
2017-04-09 20:07:05,540 [Worker-77] INFO  o.e.m.c.i.embedder.EclipseLogger - Copying 1 resource
2017-04-09 20:07:05,542 [Worker-77] WARN  o.e.m.c.i.embedder.EclipseLogger - Using platform encoding (Cp1252 actually) to copy filtered resources, i.e. build is platform dependent!
2017-04-09 20:07:05,543 [Worker-77] INFO  o.e.m.c.i.embedder.EclipseLogger - Copying 0 resource
2017-04-09 20:07:59,448 [Worker-81] WARN  o.e.m.c.i.embedder.EclipseLogger - Using platform encoding (Cp1252 actually) to copy filtered resources, i.e. build is platform dependent!
2017-04-09 20:07:59,450 [Worker-81] INFO  o.e.m.c.i.embedder.EclipseLogger - Copying 1 resource
2017-04-09 20:07:59,452 [Worker-81] WARN  o.e.m.c.i.embedder.EclipseLogger - Using platform encoding (Cp1252 actually) to copy filtered resources, i.e. build is platform dependent!
2017-04-09 20:07:59,453 [Worker-81] INFO  o.e.m.c.i.embedder.EclipseLogger - Copying 0 resource
2017-04-09 20:08:37,003 [Worker-77] WARN  o.e.m.c.i.embedder.EclipseLogger - Using platform encoding (Cp1252 actually) to copy filtered resources, i.e. build is platform dependent!
2017-04-09 20:08:37,006 [Worker-77] INFO  o.e.m.c.i.embedder.EclipseLogger - Copying 1 resource
2017-04-09 20:08:37,008 [Worker-77] WARN  o.e.m.c.i.embedder.EclipseLogger - Using platform encoding (Cp1252 actually) to copy filtered resources, i.e. build is platform dependent!
2017-04-09 20:08:37,009 [Worker-77] INFO  o.e.m.c.i.embedder.EclipseLogger - Copying 0 resource
2017-04-09 20:10:28,723 [Worker-83] WARN  o.e.m.c.i.embedder.EclipseLogger - Using platform encoding (Cp1252 actually) to copy filtered resources, i.e. build is platform dependent!
2017-04-09 20:10:28,725 [Worker-83] INFO  o.e.m.c.i.embedder.EclipseLogger - Copying 1 resource
2017-04-09 20:10:28,727 [Worker-83] WARN  o.e.m.c.i.embedder.EclipseLogger - Using platform encoding (Cp1252 actually) to copy filtered resources, i.e. build is platform dependent!
2017-04-09 20:10:28,728 [Worker-83] INFO  o.e.m.c.i.embedder.EclipseLogger - Copying 0 resource
2017-04-09 20:12:32,647 [Worker-83] WARN  o.e.m.c.i.embedder.EclipseLogger - Using platform encoding (Cp1252 actually) to copy filtered resources, i.e. build is platform dependent!
2017-04-09 20:12:32,649 [Worker-83] INFO  o.e.m.c.i.embedder.EclipseLogger - Copying 1 resource
2017-04-09 20:12:32,651 [Worker-83] WARN  o.e.m.c.i.embedder.EclipseLogger - Using platform encoding (Cp1252 actually) to copy filtered resources, i.e. build is platform dependent!
2017-04-09 20:12:32,652 [Worker-83] INFO  o.e.m.c.i.embedder.EclipseLogger - Copying 0 resource
2017-04-09 20:14:21,699 [Worker-88] WARN  o.e.m.c.i.embedder.EclipseLogger - Using platform encoding (Cp1252 actually) to copy filtered resources, i.e. build is platform dependent!
2017-04-09 20:14:21,700 [Worker-88] INFO  o.e.m.c.i.embedder.EclipseLogger - Copying 1 resource
2017-04-09 20:14:21,701 [Worker-88] WARN  o.e.m.c.i.embedder.EclipseLogger - Using platform encoding (Cp1252 actually) to copy filtered resources, i.e. build is platform dependent!
2017-04-09 20:14:21,702 [Worker-88] INFO  o.e.m.c.i.embedder.EclipseLogger - Copying 0 resource
2017-04-09 20:14:34,424 [Worker-90] WARN  o.e.m.c.i.embedder.EclipseLogger - Using platform encoding (Cp1252 actually) to copy filtered resources, i.e. build is platform dependent!
2017-04-09 20:14:34,427 [Worker-90] INFO  o.e.m.c.i.embedder.EclipseLogger - Copying 1 resource
2017-04-09 20:14:34,429 [Worker-90] WARN  o.e.m.c.i.embedder.EclipseLogger - Using platform encoding (Cp1252 actually) to copy filtered resources, i.e. build is platform dependent!
2017-04-09 20:14:34,430 [Worker-90] INFO  o.e.m.c.i.embedder.EclipseLogger - Copying 0 resource
2017-04-09 20:14:38,842 [Worker-86] WARN  o.e.m.c.i.embedder.EclipseLogger - Using platform encoding (Cp1252 actually) to copy filtered resources, i.e. build is platform dependent!
2017-04-09 20:14:38,843 [Worker-86] INFO  o.e.m.c.i.embedder.EclipseLogger - Copying 1 resource
2017-04-09 20:14:38,844 [Worker-86] WARN  o.e.m.c.i.embedder.EclipseLogger - Using platform encoding (Cp1252 actually) to copy filtered resources, i.e. build is platform dependent!
2017-04-09 20:14:38,845 [Worker-86] INFO  o.e.m.c.i.embedder.EclipseLogger - Copying 0 resource
2017-04-09 20:14:48,593 [Worker-86] WARN  o.e.m.c.i.embedder.EclipseLogger - Using platform encoding (Cp1252 actually) to copy filtered resources, i.e. build is platform dependent!
2017-04-09 20:14:48,595 [Worker-86] INFO  o.e.m.c.i.embedder.EclipseLogger - Copying 1 resource
2017-04-09 20:14:48,596 [Worker-86] WARN  o.e.m.c.i.embedder.EclipseLogger - Using platform encoding (Cp1252 actually) to copy filtered resources, i.e. build is platform dependent!
2017-04-09 20:14:48,597 [Worker-86] INFO  o.e.m.c.i.embedder.EclipseLogger - Copying 0 resource
2017-04-09 20:15:50,324 [Worker-89] WARN  o.e.m.c.i.embedder.EclipseLogger - Using platform encoding (Cp1252 actually) to copy filtered resources, i.e. build is platform dependent!
2017-04-09 20:15:50,326 [Worker-89] INFO  o.e.m.c.i.embedder.EclipseLogger - Copying 1 resource
2017-04-09 20:15:50,328 [Worker-89] WARN  o.e.m.c.i.embedder.EclipseLogger - Using platform encoding (Cp1252 actually) to copy filtered resources, i.e. build is platform dependent!
2017-04-09 20:15:50,329 [Worker-89] INFO  o.e.m.c.i.embedder.EclipseLogger - Copying 0 resource
2017-04-09 20:15:58,545 [Worker-88] WARN  o.e.m.c.i.embedder.EclipseLogger - Using platform encoding (Cp1252 actually) to copy filtered resources, i.e. build is platform dependent!
2017-04-09 20:15:58,546 [Worker-88] INFO  o.e.m.c.i.embedder.EclipseLogger - Copying 1 resource
2017-04-09 20:15:58,549 [Worker-88] WARN  o.e.m.c.i.embedder.EclipseLogger - Using platform encoding (Cp1252 actually) to copy filtered resources, i.e. build is platform dependent!
2017-04-09 20:15:58,549 [Worker-88] INFO  o.e.m.c.i.embedder.EclipseLogger - Copying 0 resource
2017-04-09 20:16:04,387 [Worker-89] WARN  o.e.m.c.i.embedder.EclipseLogger - Using platform encoding (Cp1252 actually) to copy filtered resources, i.e. build is platform dependent!
2017-04-09 20:16:04,389 [Worker-89] INFO  o.e.m.c.i.embedder.EclipseLogger - Copying 1 resource
2017-04-09 20:16:04,390 [Worker-89] WARN  o.e.m.c.i.embedder.EclipseLogger - Using platform encoding (Cp1252 actually) to copy filtered resources, i.e. build is platform dependent!
2017-04-09 20:16:04,391 [Worker-89] INFO  o.e.m.c.i.embedder.EclipseLogger - Copying 0 resource
2017-04-09 20:17:21,734 [Worker-85] WARN  o.e.m.c.i.embedder.EclipseLogger - Using platform encoding (Cp1252 actually) to copy filtered resources, i.e. build is platform dependent!
2017-04-09 20:17:21,735 [Worker-85] INFO  o.e.m.c.i.embedder.EclipseLogger - Copying 1 resource
2017-04-09 20:17:21,736 [Worker-85] WARN  o.e.m.c.i.embedder.EclipseLogger - Using platform encoding (Cp1252 actually) to copy filtered resources, i.e. build is platform dependent!
2017-04-09 20:17:21,737 [Worker-85] INFO  o.e.m.c.i.embedder.EclipseLogger - Copying 0 resource
2017-04-09 20:17:34,871 [Worker-87] WARN  o.e.m.c.i.embedder.EclipseLogger - Using platform encoding (Cp1252 actually) to copy filtered resources, i.e. build is platform dependent!
2017-04-09 20:17:34,873 [Worker-87] INFO  o.e.m.c.i.embedder.EclipseLogger - Copying 1 resource
2017-04-09 20:17:34,874 [Worker-87] WARN  o.e.m.c.i.embedder.EclipseLogger - Using platform encoding (Cp1252 actually) to copy filtered resources, i.e. build is platform dependent!
2017-04-09 20:17:34,875 [Worker-87] INFO  o.e.m.c.i.embedder.EclipseLogger - Copying 0 resource
2017-04-09 20:17:48,065 [Worker-85] WARN  o.e.m.c.i.embedder.EclipseLogger - Using platform encoding (Cp1252 actually) to copy filtered resources, i.e. build is platform dependent!
2017-04-09 20:17:48,066 [Worker-85] INFO  o.e.m.c.i.embedder.EclipseLogger - Copying 1 resource
2017-04-09 20:17:48,068 [Worker-85] WARN  o.e.m.c.i.embedder.EclipseLogger - Using platform encoding (Cp1252 actually) to copy filtered resources, i.e. build is platform dependent!
2017-04-09 20:17:48,069 [Worker-85] INFO  o.e.m.c.i.embedder.EclipseLogger - Copying 0 resource
2017-04-09 20:18:16,552 [Worker-85] WARN  o.e.m.c.i.embedder.EclipseLogger - Using platform encoding (Cp1252 actually) to copy filtered resources, i.e. build is platform dependent!
2017-04-09 20:18:16,554 [Worker-85] INFO  o.e.m.c.i.embedder.EclipseLogger - Copying 1 resource
2017-04-09 20:18:16,556 [Worker-85] WARN  o.e.m.c.i.embedder.EclipseLogger - Using platform encoding (Cp1252 actually) to copy filtered resources, i.e. build is platform dependent!
2017-04-09 20:18:16,557 [Worker-85] INFO  o.e.m.c.i.embedder.EclipseLogger - Copying 0 resource
2017-04-09 20:20:45,361 [Worker-95] WARN  o.e.m.c.i.embedder.EclipseLogger - Using platform encoding (Cp1252 actually) to copy filtered resources, i.e. build is platform dependent!
2017-04-09 20:20:45,363 [Worker-95] INFO  o.e.m.c.i.embedder.EclipseLogger - Copying 1 resource
2017-04-09 20:20:45,365 [Worker-95] WARN  o.e.m.c.i.embedder.EclipseLogger - Using platform encoding (Cp1252 actually) to copy filtered resources, i.e. build is platform dependent!
2017-04-09 20:20:45,366 [Worker-95] INFO  o.e.m.c.i.embedder.EclipseLogger - Copying 0 resource
2017-04-09 20:20:47,569 [Worker-90] WARN  o.e.m.c.i.embedder.EclipseLogger - Using platform encoding (Cp1252 actually) to copy filtered resources, i.e. build is platform dependent!
2017-04-09 20:20:47,571 [Worker-90] INFO  o.e.m.c.i.embedder.EclipseLogger - Copying 1 resource
2017-04-09 20:20:47,573 [Worker-90] WARN  o.e.m.c.i.embedder.EclipseLogger - Using platform encoding (Cp1252 actually) to copy filtered resources, i.e. build is platform dependent!
2017-04-09 20:20:47,574 [Worker-90] INFO  o.e.m.c.i.embedder.EclipseLogger - Copying 0 resource
2017-04-09 20:22:40,660 [Worker-96] WARN  o.e.m.c.i.embedder.EclipseLogger - Using platform encoding (Cp1252 actually) to copy filtered resources, i.e. build is platform dependent!
2017-04-09 20:22:40,662 [Worker-96] INFO  o.e.m.c.i.embedder.EclipseLogger - Copying 1 resource
2017-04-09 20:22:40,663 [Worker-96] WARN  o.e.m.c.i.embedder.EclipseLogger - Using platform encoding (Cp1252 actually) to copy filtered resources, i.e. build is platform dependent!
2017-04-09 20:22:40,664 [Worker-96] INFO  o.e.m.c.i.embedder.EclipseLogger - Copying 0 resource
2017-04-09 20:28:42,887 [Worker-99] WARN  o.e.m.c.i.embedder.EclipseLogger - Using platform encoding (Cp1252 actually) to copy filtered resources, i.e. build is platform dependent!
2017-04-09 20:28:42,889 [Worker-99] INFO  o.e.m.c.i.embedder.EclipseLogger - Copying 1 resource
2017-04-09 20:28:42,897 [Worker-99] WARN  o.e.m.c.i.embedder.EclipseLogger - Using platform encoding (Cp1252 actually) to copy filtered resources, i.e. build is platform dependent!
2017-04-09 20:28:42,899 [Worker-99] INFO  o.e.m.c.i.embedder.EclipseLogger - Copying 0 resource
2017-04-09 20:29:20,743 [Worker-96] WARN  o.e.m.c.i.embedder.EclipseLogger - Using platform encoding (Cp1252 actually) to copy filtered resources, i.e. build is platform dependent!
2017-04-09 20:29:20,744 [Worker-96] INFO  o.e.m.c.i.embedder.EclipseLogger - Copying 1 resource
2017-04-09 20:29:20,746 [Worker-96] WARN  o.e.m.c.i.embedder.EclipseLogger - Using platform encoding (Cp1252 actually) to copy filtered resources, i.e. build is platform dependent!
2017-04-09 20:29:20,747 [Worker-96] INFO  o.e.m.c.i.embedder.EclipseLogger - Copying 0 resource
2017-04-09 20:30:18,772 [Worker-96] WARN  o.e.m.c.i.embedder.EclipseLogger - Using platform encoding (Cp1252 actually) to copy filtered resources, i.e. build is platform dependent!
2017-04-09 20:30:18,775 [Worker-96] INFO  o.e.m.c.i.embedder.EclipseLogger - Copying 1 resource
2017-04-09 20:30:18,782 [Worker-96] WARN  o.e.m.c.i.embedder.EclipseLogger - Using platform encoding (Cp1252 actually) to copy filtered resources, i.e. build is platform dependent!
2017-04-09 20:30:18,783 [Worker-96] INFO  o.e.m.c.i.embedder.EclipseLogger - Copying 0 resource
2017-04-09 20:31:25,472 [Worker-102] WARN  o.e.m.c.i.embedder.EclipseLogger - Using platform encoding (Cp1252 actually) to copy filtered resources, i.e. build is platform dependent!
2017-04-09 20:31:25,473 [Worker-102] INFO  o.e.m.c.i.embedder.EclipseLogger - Copying 1 resource
2017-04-09 20:31:25,477 [Worker-102] WARN  o.e.m.c.i.embedder.EclipseLogger - Using platform encoding (Cp1252 actually) to copy filtered resources, i.e. build is platform dependent!
2017-04-09 20:31:25,479 [Worker-102] INFO  o.e.m.c.i.embedder.EclipseLogger - Copying 0 resource
2017-04-09 20:31:46,177 [Worker-107] WARN  o.e.m.c.i.embedder.EclipseLogger - Using platform encoding (Cp1252 actually) to copy filtered resources, i.e. build is platform dependent!
2017-04-09 20:31:46,179 [Worker-107] INFO  o.e.m.c.i.embedder.EclipseLogger - Copying 1 resource
2017-04-09 20:31:46,184 [Worker-107] WARN  o.e.m.c.i.embedder.EclipseLogger - Using platform encoding (Cp1252 actually) to copy filtered resources, i.e. build is platform dependent!
2017-04-09 20:31:46,186 [Worker-107] INFO  o.e.m.c.i.embedder.EclipseLogger - Copying 0 resource
2017-04-09 20:31:54,192 [Worker-99] WARN  o.e.m.c.i.embedder.EclipseLogger - Using platform encoding (Cp1252 actually) to copy filtered resources, i.e. build is platform dependent!
2017-04-09 20:31:54,193 [Worker-99] INFO  o.e.m.c.i.embedder.EclipseLogger - Copying 1 resource
2017-04-09 20:31:54,194 [Worker-99] WARN  o.e.m.c.i.embedder.EclipseLogger - Using platform encoding (Cp1252 actually) to copy filtered resources, i.e. build is platform dependent!
2017-04-09 20:31:54,195 [Worker-99] INFO  o.e.m.c.i.embedder.EclipseLogger - Copying 0 resource
2017-04-09 20:32:18,825 [Worker-106] WARN  o.e.m.c.i.embedder.EclipseLogger - Using platform encoding (Cp1252 actually) to copy filtered resources, i.e. build is platform dependent!
2017-04-09 20:32:18,827 [Worker-106] INFO  o.e.m.c.i.embedder.EclipseLogger - Copying 1 resource
2017-04-09 20:32:18,833 [Worker-106] WARN  o.e.m.c.i.embedder.EclipseLogger - Using platform encoding (Cp1252 actually) to copy filtered resources, i.e. build is platform dependent!
2017-04-09 20:32:18,835 [Worker-106] INFO  o.e.m.c.i.embedder.EclipseLogger - Copying 0 resource
2017-04-09 20:32:26,257 [Worker-99] WARN  o.e.m.c.i.embedder.EclipseLogger - Using platform encoding (Cp1252 actually) to copy filtered resources, i.e. build is platform dependent!
2017-04-09 20:32:26,260 [Worker-99] INFO  o.e.m.c.i.embedder.EclipseLogger - Copying 1 resource
2017-04-09 20:32:26,264 [Worker-99] WARN  o.e.m.c.i.embedder.EclipseLogger - Using platform encoding (Cp1252 actually) to copy filtered resources, i.e. build is platform dependent!
2017-04-09 20:32:26,265 [Worker-99] INFO  o.e.m.c.i.embedder.EclipseLogger - Copying 0 resource
2017-04-09 20:58:44,270 [Worker-4] WARN  o.e.m.c.i.embedder.EclipseLogger - Using platform encoding (Cp1252 actually) to copy filtered resources, i.e. build is platform dependent!
2017-04-09 20:58:44,278 [Worker-4] INFO  o.e.m.c.i.embedder.EclipseLogger - Copying 1 resource
2017-04-09 20:58:44,283 [Worker-4] WARN  o.e.m.c.i.embedder.EclipseLogger - Using platform encoding (Cp1252 actually) to copy filtered resources, i.e. build is platform dependent!
2017-04-09 20:58:44,284 [Worker-4] INFO  o.e.m.c.i.embedder.EclipseLogger - Copying 0 resource
2017-04-09 21:15:30,767 [Worker-60] WARN  o.e.m.c.i.embedder.EclipseLogger - Using platform encoding (Cp1252 actually) to copy filtered resources, i.e. build is platform dependent!
2017-04-09 21:15:30,776 [Worker-60] INFO  o.e.m.c.i.embedder.EclipseLogger - Copying 1 resource
2017-04-09 21:15:30,780 [Worker-60] WARN  o.e.m.c.i.embedder.EclipseLogger - Using platform encoding (Cp1252 actually) to copy filtered resources, i.e. build is platform dependent!
2017-04-09 21:15:30,781 [Worker-60] INFO  o.e.m.c.i.embedder.EclipseLogger - Copying 0 resource
2017-04-09 21:15:54,056 [Worker-15] WARN  o.e.m.c.i.embedder.EclipseLogger - Using platform encoding (Cp1252 actually) to copy filtered resources, i.e. build is platform dependent!
2017-04-09 21:15:54,069 [Worker-15] INFO  o.e.m.c.i.embedder.EclipseLogger - Copying 1 resource
2017-04-09 21:15:54,075 [Worker-15] WARN  o.e.m.c.i.embedder.EclipseLogger - Using platform encoding (Cp1252 actually) to copy filtered resources, i.e. build is platform dependent!
2017-04-09 21:15:54,075 [Worker-15] INFO  o.e.m.c.i.embedder.EclipseLogger - Copying 0 resource
2017-04-09 21:22:52,921 [Worker-19] INFO  o.e.m.s.i.w.MavenProjectCheckoutJob - No Maven projects to import
